running egg_info
creating ../../build/mqtt_ros2/mqtt_ros2.egg-info
writing ../../build/mqtt_ros2/mqtt_ros2.egg-info/PKG-INFO
writing dependency_links to ../../build/mqtt_ros2/mqtt_ros2.egg-info/dependency_links.txt
writing entry points to ../../build/mqtt_ros2/mqtt_ros2.egg-info/entry_points.txt
writing requirements to ../../build/mqtt_ros2/mqtt_ros2.egg-info/requires.txt
writing top-level names to ../../build/mqtt_ros2/mqtt_ros2.egg-info/top_level.txt
writing manifest file '../../build/mqtt_ros2/mqtt_ros2.egg-info/SOURCES.txt'
reading manifest file '../../build/mqtt_ros2/mqtt_ros2.egg-info/SOURCES.txt'
writing manifest file '../../build/mqtt_ros2/mqtt_ros2.egg-info/SOURCES.txt'
running build
running build_py
creating /home/natxozm13/Desktop/mqtt_ros2/build/mqtt_ros2/build
creating /home/natxozm13/Desktop/mqtt_ros2/build/mqtt_ros2/build/lib
creating /home/natxozm13/Desktop/mqtt_ros2/build/mqtt_ros2/build/lib/mqtt_ros2
copying mqtt_ros2/__init__.py -> /home/natxozm13/Desktop/mqtt_ros2/build/mqtt_ros2/build/lib/mqtt_ros2
running install
running install_lib
creating /home/natxozm13/Desktop/mqtt_ros2/install/mqtt_ros2/lib/python3.8/site-packages/mqtt_ros2
copying /home/natxozm13/Desktop/mqtt_ros2/build/mqtt_ros2/build/lib/mqtt_ros2/__init__.py -> /home/natxozm13/Desktop/mqtt_ros2/install/mqtt_ros2/lib/python3.8/site-packages/mqtt_ros2
byte-compiling /home/natxozm13/Desktop/mqtt_ros2/install/mqtt_ros2/lib/python3.8/site-packages/mqtt_ros2/__init__.py to __init__.cpython-38.pyc
running install_data
creating /home/natxozm13/Desktop/mqtt_ros2/install/mqtt_ros2/share/ament_index
creating /home/natxozm13/Desktop/mqtt_ros2/install/mqtt_ros2/share/ament_index/resource_index
creating /home/natxozm13/Desktop/mqtt_ros2/install/mqtt_ros2/share/ament_index/resource_index/packages
copying resource/mqtt_ros2 -> /home/natxozm13/Desktop/mqtt_ros2/install/mqtt_ros2/share/ament_index/resource_index/packages
creating /home/natxozm13/Desktop/mqtt_ros2/install/mqtt_ros2/share/mqtt_ros2/config
copying config/speed_provider_config.yaml -> /home/natxozm13/Desktop/mqtt_ros2/install/mqtt_ros2/share/mqtt_ros2/config
copying package.xml -> /home/natxozm13/Desktop/mqtt_ros2/install/mqtt_ros2/share/mqtt_ros2
running install_egg_info
Copying ../../build/mqtt_ros2/mqtt_ros2.egg-info to /home/natxozm13/Desktop/mqtt_ros2/install/mqtt_ros2/lib/python3.8/site-packages/mqtt_ros2-0.0.0-py3.8.egg-info
running install_scripts
Installing speed_provider_node script to /home/natxozm13/Desktop/mqtt_ros2/install/mqtt_ros2/lib/mqtt_ros2
writing list of installed files to '/home/natxozm13/Desktop/mqtt_ros2/build/mqtt_ros2/install.log'
