[0.999s] Invoking command in '/home/natxozm13/Desktop/mqtt_ros2/src/mqtt_ros2': PYTHONPATH=/home/natxozm13/Desktop/mqtt_ros2/build/mqtt_ros2/prefix_override:/usr/lib/python3/dist-packages/colcon_core/task/python/colcon_distutils_commands:/home/natxozm13/Desktop/mqtt_ros2/install/mqtt_ros2/lib/python3.8/site-packages:${PYTHONPATH} /usr/bin/python3 -W ignore:setup.py install is deprecated setup.py egg_info --egg-base ../../build/mqtt_ros2 build --build-base /home/natxozm13/Desktop/mqtt_ros2/build/mqtt_ros2/build install --record /home/natxozm13/Desktop/mqtt_ros2/build/mqtt_ros2/install.log --single-version-externally-managed install_data
[1.298s] running egg_info
[1.300s] writing ../../build/mqtt_ros2/mqtt_ros2.egg-info/PKG-INFO
[1.300s] writing dependency_links to ../../build/mqtt_ros2/mqtt_ros2.egg-info/dependency_links.txt
[1.300s] writing entry points to ../../build/mqtt_ros2/mqtt_ros2.egg-info/entry_points.txt
[1.300s] writing requirements to ../../build/mqtt_ros2/mqtt_ros2.egg-info/requires.txt
[1.300s] writing top-level names to ../../build/mqtt_ros2/mqtt_ros2.egg-info/top_level.txt
[1.357s] reading manifest file '../../build/mqtt_ros2/mqtt_ros2.egg-info/SOURCES.txt'
[1.361s] writing manifest file '../../build/mqtt_ros2/mqtt_ros2.egg-info/SOURCES.txt'
[1.361s] running build
[1.361s] running build_py
[1.361s] copying mqtt_ros2/speed_provider_node.py -> /home/natxozm13/Desktop/mqtt_ros2/build/mqtt_ros2/build/lib/mqtt_ros2
[1.361s] running install
[1.362s] running install_lib
[1.363s] copying /home/natxozm13/Desktop/mqtt_ros2/build/mqtt_ros2/build/lib/mqtt_ros2/speed_provider_node.py -> /home/natxozm13/Desktop/mqtt_ros2/install/mqtt_ros2/lib/python3.8/site-packages/mqtt_ros2
[1.364s] byte-compiling /home/natxozm13/Desktop/mqtt_ros2/install/mqtt_ros2/lib/python3.8/site-packages/mqtt_ros2/speed_provider_node.py to speed_provider_node.cpython-38.pyc
[1.366s] running install_data
[1.366s] creating /home/natxozm13/Desktop/mqtt_ros2/install/mqtt_ros2/share/mqtt_ros2/launch
[1.367s] copying launch/speed_provider.launch.py -> /home/natxozm13/Desktop/mqtt_ros2/install/mqtt_ros2/share/mqtt_ros2/launch
[1.367s] running install_egg_info
[1.368s] Copying ../../build/mqtt_ros2/mqtt_ros2.egg-info to /home/natxozm13/Desktop/mqtt_ros2/install/mqtt_ros2/lib/python3.8/site-packages/mqtt_ros2-1.0.1-py3.8.egg-info
[1.369s] running install_scripts
[1.392s] Installing speed_provider_node script to /home/natxozm13/Desktop/mqtt_ros2/install/mqtt_ros2/lib/mqtt_ros2
[1.392s] writing list of installed files to '/home/natxozm13/Desktop/mqtt_ros2/build/mqtt_ros2/install.log'
[1.415s] Invoked command in '/home/natxozm13/Desktop/mqtt_ros2/src/mqtt_ros2' returned '0': PYTHONPATH=/home/natxozm13/Desktop/mqtt_ros2/build/mqtt_ros2/prefix_override:/usr/lib/python3/dist-packages/colcon_core/task/python/colcon_distutils_commands:/home/natxozm13/Desktop/mqtt_ros2/install/mqtt_ros2/lib/python3.8/site-packages:${PYTHONPATH} /usr/bin/python3 -W ignore:setup.py install is deprecated setup.py egg_info --egg-base ../../build/mqtt_ros2 build --build-base /home/natxozm13/Desktop/mqtt_ros2/build/mqtt_ros2/build install --record /home/natxozm13/Desktop/mqtt_ros2/build/mqtt_ros2/install.log --single-version-externally-managed install_data
