[0.390s] DEBUG:colcon:Command line arguments: ['/usr/bin/colcon', 'build']
[0.390s] DEBUG:colcon:Parsed command line arguments: Namespace(allow_overriding=[], ament_cmake_args=None, base_paths=['.'], build_base='build', catkin_cmake_args=None, catkin_skip_building_tests=False, cmake_args=None, cmake_clean_cache=False, cmake_clean_first=False, cmake_force_configure=False, cmake_target=None, cmake_target_skip_unavailable=False, continue_on_error=False, event_handlers=None, executor='parallel', ignore_user_meta=False, install_base='install', log_base=None, log_level=None, main=<bound method BuildVerb.main of <colcon_core.verb.build.BuildVerb object at 0x7f59d947afa0>>, merge_install=False, metas=['./colcon.meta'], mixin=None, mixin_files=None, mixin_verb=('build',), packages_above=None, packages_above_and_dependencies=None, packages_above_depth=None, packages_end=None, packages_ignore=None, packages_ignore_regex=None, packages_select=None, packages_select_build_failed=False, packages_select_by_dep=None, packages_select_regex=None, packages_select_test_failures=False, packages_skip=None, packages_skip_build_finished=False, packages_skip_by_dep=None, packages_skip_regex=None, packages_skip_test_passed=False, packages_skip_up_to=None, packages_start=None, packages_up_to=None, packages_up_to_regex=None, parallel_workers=4, paths=None, symlink_install=False, test_result_base=None, verb_extension=<colcon_core.verb.build.BuildVerb object at 0x7f59d947afa0>, verb_name='build', verb_parser=<colcon_mixin.mixin.mixin_argument.MixinArgumentDecorator object at 0x7f59d9487640>)
[0.625s] Level 1:colcon.colcon_core.package_discovery:discover_packages(colcon_meta) check parameters
[0.625s] Level 1:colcon.colcon_core.package_discovery:discover_packages(recursive) check parameters
[0.625s] Level 1:colcon.colcon_core.package_discovery:discover_packages(ignore) check parameters
[0.625s] Level 1:colcon.colcon_core.package_discovery:discover_packages(path) check parameters
[0.626s] Level 1:colcon.colcon_core.package_discovery:discover_packages(colcon_meta) discover
[0.626s] Level 1:colcon.colcon_core.package_discovery:discover_packages(recursive) discover
[0.626s] INFO:colcon.colcon_core.package_discovery:Crawling recursively for packages in '/home/natxozm13/Desktop/SDV/ros2/mqtt_ros2'
[0.626s] Level 1:colcon.colcon_core.package_identification:_identify(.) by extensions ['ignore', 'ignore_ament_install']
[0.626s] Level 1:colcon.colcon_core.package_identification:_identify(.) by extension 'ignore'
[0.626s] Level 1:colcon.colcon_core.package_identification:_identify(.) by extension 'ignore_ament_install'
[0.626s] Level 1:colcon.colcon_core.package_identification:_identify(.) by extensions ['colcon_pkg']
[0.626s] Level 1:colcon.colcon_core.package_identification:_identify(.) by extension 'colcon_pkg'
[0.626s] Level 1:colcon.colcon_core.package_identification:_identify(.) by extensions ['colcon_meta']
[0.626s] Level 1:colcon.colcon_core.package_identification:_identify(.) by extension 'colcon_meta'
[0.626s] Level 1:colcon.colcon_core.package_identification:_identify(.) by extensions ['ros']
[0.626s] Level 1:colcon.colcon_core.package_identification:_identify(.) by extension 'ros'
[0.641s] Level 1:colcon.colcon_core.package_identification:_identify(.) by extensions ['cmake', 'python']
[0.642s] Level 1:colcon.colcon_core.package_identification:_identify(.) by extension 'cmake'
[0.642s] Level 1:colcon.colcon_core.package_identification:_identify(.) by extension 'python'
[0.642s] Level 1:colcon.colcon_core.package_identification:_identify(.) by extensions ['python_setup_py']
[0.642s] Level 1:colcon.colcon_core.package_identification:_identify(.) by extension 'python_setup_py'
[0.642s] Level 1:colcon.colcon_core.package_identification:_identify(build) by extensions ['ignore', 'ignore_ament_install']
[0.642s] Level 1:colcon.colcon_core.package_identification:_identify(build) by extension 'ignore'
[0.642s] Level 1:colcon.colcon_core.package_identification:_identify(build) ignored
[0.642s] Level 1:colcon.colcon_core.package_identification:_identify(config) by extensions ['ignore', 'ignore_ament_install']
[0.642s] Level 1:colcon.colcon_core.package_identification:_identify(config) by extension 'ignore'
[0.643s] Level 1:colcon.colcon_core.package_identification:_identify(config) by extension 'ignore_ament_install'
[0.643s] Level 1:colcon.colcon_core.package_identification:_identify(config) by extensions ['colcon_pkg']
[0.643s] Level 1:colcon.colcon_core.package_identification:_identify(config) by extension 'colcon_pkg'
[0.643s] Level 1:colcon.colcon_core.package_identification:_identify(config) by extensions ['colcon_meta']
[0.643s] Level 1:colcon.colcon_core.package_identification:_identify(config) by extension 'colcon_meta'
[0.643s] Level 1:colcon.colcon_core.package_identification:_identify(config) by extensions ['ros']
[0.643s] Level 1:colcon.colcon_core.package_identification:_identify(config) by extension 'ros'
[0.643s] Level 1:colcon.colcon_core.package_identification:_identify(config) by extensions ['cmake', 'python']
[0.643s] Level 1:colcon.colcon_core.package_identification:_identify(config) by extension 'cmake'
[0.643s] Level 1:colcon.colcon_core.package_identification:_identify(config) by extension 'python'
[0.643s] Level 1:colcon.colcon_core.package_identification:_identify(config) by extensions ['python_setup_py']
[0.643s] Level 1:colcon.colcon_core.package_identification:_identify(config) by extension 'python_setup_py'
[0.643s] Level 1:colcon.colcon_core.package_identification:_identify(install) by extensions ['ignore', 'ignore_ament_install']
[0.643s] Level 1:colcon.colcon_core.package_identification:_identify(install) by extension 'ignore'
[0.643s] Level 1:colcon.colcon_core.package_identification:_identify(install) ignored
[0.644s] Level 1:colcon.colcon_core.package_identification:_identify(log) by extensions ['ignore', 'ignore_ament_install']
[0.644s] Level 1:colcon.colcon_core.package_identification:_identify(log) by extension 'ignore'
[0.644s] Level 1:colcon.colcon_core.package_identification:_identify(log) ignored
[0.644s] Level 1:colcon.colcon_core.package_identification:_identify(src) by extensions ['ignore', 'ignore_ament_install']
[0.644s] Level 1:colcon.colcon_core.package_identification:_identify(src) by extension 'ignore'
[0.644s] Level 1:colcon.colcon_core.package_identification:_identify(src) by extension 'ignore_ament_install'
[0.644s] Level 1:colcon.colcon_core.package_identification:_identify(src) by extensions ['colcon_pkg']
[0.644s] Level 1:colcon.colcon_core.package_identification:_identify(src) by extension 'colcon_pkg'
[0.644s] Level 1:colcon.colcon_core.package_identification:_identify(src) by extensions ['colcon_meta']
[0.644s] Level 1:colcon.colcon_core.package_identification:_identify(src) by extension 'colcon_meta'
[0.644s] Level 1:colcon.colcon_core.package_identification:_identify(src) by extensions ['ros']
[0.644s] Level 1:colcon.colcon_core.package_identification:_identify(src) by extension 'ros'
[0.644s] Level 1:colcon.colcon_core.package_identification:_identify(src) by extensions ['cmake', 'python']
[0.644s] Level 1:colcon.colcon_core.package_identification:_identify(src) by extension 'cmake'
[0.644s] Level 1:colcon.colcon_core.package_identification:_identify(src) by extension 'python'
[0.645s] Level 1:colcon.colcon_core.package_identification:_identify(src) by extensions ['python_setup_py']
[0.645s] Level 1:colcon.colcon_core.package_identification:_identify(src) by extension 'python_setup_py'
[0.645s] Level 1:colcon.colcon_core.package_identification:_identify(src/mqtt_ros2) by extensions ['ignore', 'ignore_ament_install']
[0.645s] Level 1:colcon.colcon_core.package_identification:_identify(src/mqtt_ros2) by extension 'ignore'
[0.645s] Level 1:colcon.colcon_core.package_identification:_identify(src/mqtt_ros2) by extension 'ignore_ament_install'
[0.645s] Level 1:colcon.colcon_core.package_identification:_identify(src/mqtt_ros2) by extensions ['colcon_pkg']
[0.645s] Level 1:colcon.colcon_core.package_identification:_identify(src/mqtt_ros2) by extension 'colcon_pkg'
[0.645s] Level 1:colcon.colcon_core.package_identification:_identify(src/mqtt_ros2) by extensions ['colcon_meta']
[0.645s] Level 1:colcon.colcon_core.package_identification:_identify(src/mqtt_ros2) by extension 'colcon_meta'
[0.645s] Level 1:colcon.colcon_core.package_identification:_identify(src/mqtt_ros2) by extensions ['ros']
[0.645s] Level 1:colcon.colcon_core.package_identification:_identify(src/mqtt_ros2) by extension 'ros'
[0.649s] DEBUG:colcon.colcon_core.package_identification:Package 'src/mqtt_ros2' with type 'ros.ament_python' and name 'mqtt_ros2'
[0.649s] Level 1:colcon.colcon_core.package_discovery:discover_packages(recursive) using defaults
[0.649s] Level 1:colcon.colcon_core.package_discovery:discover_packages(ignore) discover
[0.649s] Level 1:colcon.colcon_core.package_discovery:discover_packages(ignore) using defaults
[0.649s] Level 1:colcon.colcon_core.package_discovery:discover_packages(path) discover
[0.650s] Level 1:colcon.colcon_core.package_discovery:discover_packages(path) using defaults
[0.677s] Level 1:colcon.colcon_core.package_discovery:discover_packages(prefix_path) check parameters
[0.677s] Level 1:colcon.colcon_core.package_discovery:discover_packages(prefix_path) discover
[0.682s] DEBUG:colcon.colcon_installed_package_information.package_discovery:Found 256 installed packages in /opt/ros/foxy
[0.685s] Level 1:colcon.colcon_core.package_discovery:discover_packages(prefix_path) using defaults
[0.789s] Level 5:colcon.colcon_core.verb:set package 'mqtt_ros2' build argument 'cmake_args' from command line to 'None'
[0.789s] Level 5:colcon.colcon_core.verb:set package 'mqtt_ros2' build argument 'cmake_target' from command line to 'None'
[0.789s] Level 5:colcon.colcon_core.verb:set package 'mqtt_ros2' build argument 'cmake_target_skip_unavailable' from command line to 'False'
[0.789s] Level 5:colcon.colcon_core.verb:set package 'mqtt_ros2' build argument 'cmake_clean_cache' from command line to 'False'
[0.789s] Level 5:colcon.colcon_core.verb:set package 'mqtt_ros2' build argument 'cmake_clean_first' from command line to 'False'
[0.789s] Level 5:colcon.colcon_core.verb:set package 'mqtt_ros2' build argument 'cmake_force_configure' from command line to 'False'
[0.789s] Level 5:colcon.colcon_core.verb:set package 'mqtt_ros2' build argument 'ament_cmake_args' from command line to 'None'
[0.789s] Level 5:colcon.colcon_core.verb:set package 'mqtt_ros2' build argument 'catkin_cmake_args' from command line to 'None'
[0.789s] Level 5:colcon.colcon_core.verb:set package 'mqtt_ros2' build argument 'catkin_skip_building_tests' from command line to 'False'
[0.789s] DEBUG:colcon.colcon_core.verb:Building package 'mqtt_ros2' with the following arguments: {'ament_cmake_args': None, 'build_base': '/home/natxozm13/Desktop/SDV/ros2/mqtt_ros2/build/mqtt_ros2', 'catkin_cmake_args': None, 'catkin_skip_building_tests': False, 'cmake_args': None, 'cmake_clean_cache': False, 'cmake_clean_first': False, 'cmake_force_configure': False, 'cmake_target': None, 'cmake_target_skip_unavailable': False, 'install_base': '/home/natxozm13/Desktop/SDV/ros2/mqtt_ros2/install/mqtt_ros2', 'merge_install': False, 'path': '/home/natxozm13/Desktop/SDV/ros2/mqtt_ros2/src/mqtt_ros2', 'symlink_install': False, 'test_result_base': None}
[0.789s] INFO:colcon.colcon_core.executor:Executing jobs using 'parallel' executor
[0.790s] DEBUG:colcon.colcon_parallel_executor.executor.parallel:run_until_complete
[0.791s] INFO:colcon.colcon_ros.task.ament_python.build:Building ROS package in '/home/natxozm13/Desktop/SDV/ros2/mqtt_ros2/src/mqtt_ros2' with build type 'ament_python'
[0.791s] Level 1:colcon.colcon_core.shell:create_environment_hook('mqtt_ros2', 'ament_prefix_path')
[0.800s] INFO:colcon.colcon_core.plugin_system:Skipping extension 'colcon_core.shell.bat': Not used on non-Windows systems
[0.801s] INFO:colcon.colcon_core.shell:Creating environment hook '/home/natxozm13/Desktop/SDV/ros2/mqtt_ros2/install/mqtt_ros2/share/mqtt_ros2/hook/ament_prefix_path.ps1'
[0.802s] INFO:colcon.colcon_core.shell:Creating environment descriptor '/home/natxozm13/Desktop/SDV/ros2/mqtt_ros2/install/mqtt_ros2/share/mqtt_ros2/hook/ament_prefix_path.dsv'
[0.803s] INFO:colcon.colcon_core.shell:Creating environment hook '/home/natxozm13/Desktop/SDV/ros2/mqtt_ros2/install/mqtt_ros2/share/mqtt_ros2/hook/ament_prefix_path.sh'
[0.804s] INFO:colcon.colcon_core.shell:Skip shell extension 'powershell' for command environment: Not usable outside of PowerShell
[0.804s] DEBUG:colcon.colcon_core.shell:Skip shell extension 'dsv' for command environment
[1.129s] INFO:colcon.colcon_core.task.python.build:Building Python package in '/home/natxozm13/Desktop/SDV/ros2/mqtt_ros2/src/mqtt_ros2'
[1.130s] INFO:colcon.colcon_core.shell:Skip shell extension 'powershell' for command environment: Not usable outside of PowerShell
[1.130s] DEBUG:colcon.colcon_core.shell:Skip shell extension 'dsv' for command environment
[1.735s] DEBUG:colcon.colcon_core.event_handler.log_command:Invoking command in '/home/natxozm13/Desktop/SDV/ros2/mqtt_ros2/src/mqtt_ros2': PYTHONPATH=/home/natxozm13/Desktop/SDV/ros2/mqtt_ros2/build/mqtt_ros2/prefix_override:/usr/lib/python3/dist-packages/colcon_core/task/python/colcon_distutils_commands:/home/natxozm13/Desktop/SDV/ros2/mqtt_ros2/install/mqtt_ros2/lib/python3.8/site-packages:${PYTHONPATH} /usr/bin/python3 -W ignore:setup.py install is deprecated -W ignore:easy_install command is deprecated setup.py egg_info --egg-base ../../build/mqtt_ros2 build --build-base /home/natxozm13/Desktop/SDV/ros2/mqtt_ros2/build/mqtt_ros2/build install --record /home/natxozm13/Desktop/SDV/ros2/mqtt_ros2/build/mqtt_ros2/install.log --single-version-externally-managed install_data
[2.146s] DEBUG:colcon.colcon_core.event_handler.log_command:Invoked command in '/home/natxozm13/Desktop/SDV/ros2/mqtt_ros2/src/mqtt_ros2' returned '0': PYTHONPATH=/home/natxozm13/Desktop/SDV/ros2/mqtt_ros2/build/mqtt_ros2/prefix_override:/usr/lib/python3/dist-packages/colcon_core/task/python/colcon_distutils_commands:/home/natxozm13/Desktop/SDV/ros2/mqtt_ros2/install/mqtt_ros2/lib/python3.8/site-packages:${PYTHONPATH} /usr/bin/python3 -W ignore:setup.py install is deprecated -W ignore:easy_install command is deprecated setup.py egg_info --egg-base ../../build/mqtt_ros2 build --build-base /home/natxozm13/Desktop/SDV/ros2/mqtt_ros2/build/mqtt_ros2/build install --record /home/natxozm13/Desktop/SDV/ros2/mqtt_ros2/build/mqtt_ros2/install.log --single-version-externally-managed install_data
[2.156s] Level 1:colcon.colcon_core.environment:checking '/home/natxozm13/Desktop/SDV/ros2/mqtt_ros2/install/mqtt_ros2' for CMake module files
[2.156s] Level 1:colcon.colcon_core.environment:checking '/home/natxozm13/Desktop/SDV/ros2/mqtt_ros2/install/mqtt_ros2' for CMake config files
[2.157s] Level 1:colcon.colcon_core.environment:checking '/home/natxozm13/Desktop/SDV/ros2/mqtt_ros2/install/mqtt_ros2/lib'
[2.157s] Level 1:colcon.colcon_core.environment:checking '/home/natxozm13/Desktop/SDV/ros2/mqtt_ros2/install/mqtt_ros2/bin'
[2.157s] Level 1:colcon.colcon_core.environment:checking '/home/natxozm13/Desktop/SDV/ros2/mqtt_ros2/install/mqtt_ros2/lib/pkgconfig/mqtt_ros2.pc'
[2.158s] Level 1:colcon.colcon_core.environment:checking '/home/natxozm13/Desktop/SDV/ros2/mqtt_ros2/install/mqtt_ros2/lib/python3.8/site-packages'
[2.158s] Level 1:colcon.colcon_core.shell:create_environment_hook('mqtt_ros2', 'pythonpath')
[2.160s] INFO:colcon.colcon_core.shell:Creating environment hook '/home/natxozm13/Desktop/SDV/ros2/mqtt_ros2/install/mqtt_ros2/share/mqtt_ros2/hook/pythonpath.ps1'
[2.161s] INFO:colcon.colcon_core.shell:Creating environment descriptor '/home/natxozm13/Desktop/SDV/ros2/mqtt_ros2/install/mqtt_ros2/share/mqtt_ros2/hook/pythonpath.dsv'
[2.161s] INFO:colcon.colcon_core.shell:Creating environment hook '/home/natxozm13/Desktop/SDV/ros2/mqtt_ros2/install/mqtt_ros2/share/mqtt_ros2/hook/pythonpath.sh'
[2.162s] Level 1:colcon.colcon_core.environment:checking '/home/natxozm13/Desktop/SDV/ros2/mqtt_ros2/install/mqtt_ros2/bin'
[2.162s] Level 1:colcon.colcon_core.environment:create_environment_scripts_only(mqtt_ros2)
[2.163s] INFO:colcon.colcon_core.shell:Creating package script '/home/natxozm13/Desktop/SDV/ros2/mqtt_ros2/install/mqtt_ros2/share/mqtt_ros2/package.ps1'
[2.164s] INFO:colcon.colcon_core.shell:Creating package descriptor '/home/natxozm13/Desktop/SDV/ros2/mqtt_ros2/install/mqtt_ros2/share/mqtt_ros2/package.dsv'
[2.165s] INFO:colcon.colcon_core.shell:Creating package script '/home/natxozm13/Desktop/SDV/ros2/mqtt_ros2/install/mqtt_ros2/share/mqtt_ros2/package.sh'
[2.166s] INFO:colcon.colcon_core.shell:Creating package script '/home/natxozm13/Desktop/SDV/ros2/mqtt_ros2/install/mqtt_ros2/share/mqtt_ros2/package.bash'
[2.168s] INFO:colcon.colcon_core.shell:Creating package script '/home/natxozm13/Desktop/SDV/ros2/mqtt_ros2/install/mqtt_ros2/share/mqtt_ros2/package.zsh'
[2.170s] Level 1:colcon.colcon_core.environment:create_file_with_runtime_dependencies(/home/natxozm13/Desktop/SDV/ros2/mqtt_ros2/install/mqtt_ros2/share/colcon-core/packages/mqtt_ros2)
[2.171s] DEBUG:colcon.colcon_parallel_executor.executor.parallel:closing loop
[2.171s] DEBUG:colcon.colcon_parallel_executor.executor.parallel:loop closed
[2.171s] DEBUG:colcon.colcon_parallel_executor.executor.parallel:run_until_complete finished with '0'
[2.171s] DEBUG:colcon.colcon_core.event_reactor:joining thread
[2.179s] INFO:colcon.colcon_core.plugin_system:Skipping extension 'colcon_notification.desktop_notification.terminal_notifier': Not used on non-Darwin systems
[2.179s] INFO:colcon.colcon_core.plugin_system:Skipping extension 'colcon_notification.desktop_notification.win32': Not used on non-Windows systems
[2.179s] INFO:colcon.colcon_notification.desktop_notification:Sending desktop notification using 'notify2'
[2.208s] DEBUG:colcon.colcon_core.event_reactor:joined thread
[2.208s] INFO:colcon.colcon_core.shell:Creating prefix script '/home/natxozm13/Desktop/SDV/ros2/mqtt_ros2/install/local_setup.ps1'
[2.210s] INFO:colcon.colcon_core.shell:Creating prefix util module '/home/natxozm13/Desktop/SDV/ros2/mqtt_ros2/install/_local_setup_util_ps1.py'
[2.212s] INFO:colcon.colcon_core.shell:Creating prefix chain script '/home/natxozm13/Desktop/SDV/ros2/mqtt_ros2/install/setup.ps1'
[2.214s] INFO:colcon.colcon_core.shell:Creating prefix script '/home/natxozm13/Desktop/SDV/ros2/mqtt_ros2/install/local_setup.sh'
[2.215s] INFO:colcon.colcon_core.shell:Creating prefix util module '/home/natxozm13/Desktop/SDV/ros2/mqtt_ros2/install/_local_setup_util_sh.py'
[2.215s] INFO:colcon.colcon_core.shell:Creating prefix chain script '/home/natxozm13/Desktop/SDV/ros2/mqtt_ros2/install/setup.sh'
[2.217s] INFO:colcon.colcon_core.shell:Creating prefix script '/home/natxozm13/Desktop/SDV/ros2/mqtt_ros2/install/local_setup.bash'
[2.218s] INFO:colcon.colcon_core.shell:Creating prefix chain script '/home/natxozm13/Desktop/SDV/ros2/mqtt_ros2/install/setup.bash'
[2.219s] INFO:colcon.colcon_core.shell:Creating prefix script '/home/natxozm13/Desktop/SDV/ros2/mqtt_ros2/install/local_setup.zsh'
[2.220s] INFO:colcon.colcon_core.shell:Creating prefix chain script '/home/natxozm13/Desktop/SDV/ros2/mqtt_ros2/install/setup.zsh'
