[0.726s] Invoking command in '/home/natxozm13/Desktop/SDV/ros2/vesc/src/vesc': PYTHONPATH=/home/natxozm13/Desktop/SDV/ros2/vesc/build/vesc/prefix_override:/usr/lib/python3/dist-packages/colcon_core/task/python/colcon_distutils_commands:/home/natxozm13/Desktop/SDV/ros2/vesc/install/vesc/lib/python3.8/site-packages:${PYTHONPATH} /usr/bin/python3 -W ignore:setup.py install is deprecated setup.py egg_info --egg-base ../../build/vesc build --build-base /home/natxozm13/Desktop/SDV/ros2/vesc/build/vesc/build install --record /home/natxozm13/Desktop/SDV/ros2/vesc/build/vesc/install.log --single-version-externally-managed install_data
[0.954s] running egg_info
[0.955s] creating ../../build/vesc/vesc.egg-info
[0.955s] writing ../../build/vesc/vesc.egg-info/PKG-INFO
[0.955s] writing dependency_links to ../../build/vesc/vesc.egg-info/dependency_links.txt
[0.956s] writing entry points to ../../build/vesc/vesc.egg-info/entry_points.txt
[0.956s] writing requirements to ../../build/vesc/vesc.egg-info/requires.txt
[0.956s] writing top-level names to ../../build/vesc/vesc.egg-info/top_level.txt
[0.958s] writing manifest file '../../build/vesc/vesc.egg-info/SOURCES.txt'
[0.988s] reading manifest file '../../build/vesc/vesc.egg-info/SOURCES.txt'
[0.989s] writing manifest file '../../build/vesc/vesc.egg-info/SOURCES.txt'
[0.990s] running build
[0.990s] running build_py
[0.990s] creating /home/natxozm13/Desktop/SDV/ros2/vesc/build/vesc/build
[0.990s] creating /home/natxozm13/Desktop/SDV/ros2/vesc/build/vesc/build/lib
[0.991s] creating /home/natxozm13/Desktop/SDV/ros2/vesc/build/vesc/build/lib/vesc
[0.991s] copying vesc/__init__.py -> /home/natxozm13/Desktop/SDV/ros2/vesc/build/vesc/build/lib/vesc
[0.991s] copying vesc/vesc_node.py -> /home/natxozm13/Desktop/SDV/ros2/vesc/build/vesc/build/lib/vesc
[0.992s] running install
[0.993s] running install_lib
[0.994s] creating /home/natxozm13/Desktop/SDV/ros2/vesc/install/vesc/lib/python3.8/site-packages/vesc
[0.994s] copying /home/natxozm13/Desktop/SDV/ros2/vesc/build/vesc/build/lib/vesc/__init__.py -> /home/natxozm13/Desktop/SDV/ros2/vesc/install/vesc/lib/python3.8/site-packages/vesc
[0.994s] copying /home/natxozm13/Desktop/SDV/ros2/vesc/build/vesc/build/lib/vesc/vesc_node.py -> /home/natxozm13/Desktop/SDV/ros2/vesc/install/vesc/lib/python3.8/site-packages/vesc
[0.995s] byte-compiling /home/natxozm13/Desktop/SDV/ros2/vesc/install/vesc/lib/python3.8/site-packages/vesc/__init__.py to __init__.cpython-38.pyc
[0.996s] byte-compiling /home/natxozm13/Desktop/SDV/ros2/vesc/install/vesc/lib/python3.8/site-packages/vesc/vesc_node.py to vesc_node.cpython-38.pyc
[0.997s] running install_data
[0.997s] creating /home/natxozm13/Desktop/SDV/ros2/vesc/install/vesc/share/ament_index
[0.997s] creating /home/natxozm13/Desktop/SDV/ros2/vesc/install/vesc/share/ament_index/resource_index
[0.998s] creating /home/natxozm13/Desktop/SDV/ros2/vesc/install/vesc/share/ament_index/resource_index/packages
[0.998s] copying resource/vesc -> /home/natxozm13/Desktop/SDV/ros2/vesc/install/vesc/share/ament_index/resource_index/packages
[0.998s] copying package.xml -> /home/natxozm13/Desktop/SDV/ros2/vesc/install/vesc/share/vesc
[0.998s] running install_egg_info
[1.000s] Copying ../../build/vesc/vesc.egg-info to /home/natxozm13/Desktop/SDV/ros2/vesc/install/vesc/lib/python3.8/site-packages/vesc-0.0.0-py3.8.egg-info
[1.001s] running install_scripts
[1.017s] Installing vesc_node script to /home/natxozm13/Desktop/SDV/ros2/vesc/install/vesc/lib/vesc
[1.018s] writing list of installed files to '/home/natxozm13/Desktop/SDV/ros2/vesc/build/vesc/install.log'
[1.037s] Invoked command in '/home/natxozm13/Desktop/SDV/ros2/vesc/src/vesc' returned '0': PYTHONPATH=/home/natxozm13/Desktop/SDV/ros2/vesc/build/vesc/prefix_override:/usr/lib/python3/dist-packages/colcon_core/task/python/colcon_distutils_commands:/home/natxozm13/Desktop/SDV/ros2/vesc/install/vesc/lib/python3.8/site-packages:${PYTHONPATH} /usr/bin/python3 -W ignore:setup.py install is deprecated setup.py egg_info --egg-base ../../build/vesc build --build-base /home/natxozm13/Desktop/SDV/ros2/vesc/build/vesc/build install --record /home/natxozm13/Desktop/SDV/ros2/vesc/build/vesc/install.log --single-version-externally-managed install_data
