running egg_info
writing ../../build/mqtt_ros2/mqtt_ros2.egg-info/PKG-INFO
writing dependency_links to ../../build/mqtt_ros2/mqtt_ros2.egg-info/dependency_links.txt
writing entry points to ../../build/mqtt_ros2/mqtt_ros2.egg-info/entry_points.txt
writing requirements to ../../build/mqtt_ros2/mqtt_ros2.egg-info/requires.txt
writing top-level names to ../../build/mqtt_ros2/mqtt_ros2.egg-info/top_level.txt
reading manifest file '../../build/mqtt_ros2/mqtt_ros2.egg-info/SOURCES.txt'
writing manifest file '../../build/mqtt_ros2/mqtt_ros2.egg-info/SOURCES.txt'
running build
running build_py
copying mqtt_ros2/speed_provider_node.py -> /home/natxozm13/Desktop/mqtt_ros2/build/mqtt_ros2/build/lib/mqtt_ros2
running install
running install_lib
copying /home/natxozm13/Desktop/mqtt_ros2/build/mqtt_ros2/build/lib/mqtt_ros2/speed_provider_node.py -> /home/natxozm13/Desktop/mqtt_ros2/install/mqtt_ros2/lib/python3.8/site-packages/mqtt_ros2
byte-compiling /home/natxozm13/Desktop/mqtt_ros2/install/mqtt_ros2/lib/python3.8/site-packages/mqtt_ros2/speed_provider_node.py to speed_provider_node.cpython-38.pyc
running install_data
creating /home/natxozm13/Desktop/mqtt_ros2/install/mqtt_ros2/share/mqtt_ros2/launch
copying launch/speed_provider.launch.py -> /home/natxozm13/Desktop/mqtt_ros2/install/mqtt_ros2/share/mqtt_ros2/launch
running install_egg_info
Copying ../../build/mqtt_ros2/mqtt_ros2.egg-info to /home/natxozm13/Desktop/mqtt_ros2/install/mqtt_ros2/lib/python3.8/site-packages/mqtt_ros2-1.0.1-py3.8.egg-info
running install_scripts
Installing speed_provider_node script to /home/natxozm13/Desktop/mqtt_ros2/install/mqtt_ros2/lib/mqtt_ros2
writing list of installed files to '/home/natxozm13/Desktop/mqtt_ros2/build/mqtt_ros2/install.log'
