[0.935s] Invoking command in '/home/natxozm13/Desktop/SDV/ros2/mqtt_ros2/src/mqtt_ros2': PYTHONPATH=/home/natxozm13/Desktop/SDV/ros2/mqtt_ros2/build/mqtt_ros2/prefix_override:/usr/lib/python3/dist-packages/colcon_core/task/python/colcon_distutils_commands:/home/natxozm13/Desktop/SDV/ros2/mqtt_ros2/install/mqtt_ros2/lib/python3.8/site-packages:${PYTHONPATH} /usr/bin/python3 -W ignore:setup.py install is deprecated -W ignore:easy_install command is deprecated setup.py egg_info --egg-base ../../build/mqtt_ros2 build --build-base /home/natxozm13/Desktop/SDV/ros2/mqtt_ros2/build/mqtt_ros2/build install --record /home/natxozm13/Desktop/SDV/ros2/mqtt_ros2/build/mqtt_ros2/install.log --single-version-externally-managed install_data
[1.234s] running egg_info
[1.236s] writing ../../build/mqtt_ros2/mqtt_ros2.egg-info/PKG-INFO
[1.236s] writing dependency_links to ../../build/mqtt_ros2/mqtt_ros2.egg-info/dependency_links.txt
[1.237s] writing entry points to ../../build/mqtt_ros2/mqtt_ros2.egg-info/entry_points.txt
[1.237s] writing requirements to ../../build/mqtt_ros2/mqtt_ros2.egg-info/requires.txt
[1.237s] writing top-level names to ../../build/mqtt_ros2/mqtt_ros2.egg-info/top_level.txt
[1.296s] reading manifest file '../../build/mqtt_ros2/mqtt_ros2.egg-info/SOURCES.txt'
[1.298s] writing manifest file '../../build/mqtt_ros2/mqtt_ros2.egg-info/SOURCES.txt'
[1.298s] running build
[1.298s] running build_py
[1.298s] running install
[1.300s] running install_lib
[1.301s] running install_data
[1.301s] running install_egg_info
[1.303s] removing '/home/natxozm13/Desktop/SDV/ros2/mqtt_ros2/install/mqtt_ros2/lib/python3.8/site-packages/mqtt_ros2-1.0.1-py3.8.egg-info' (and everything under it)
[1.307s] Copying ../../build/mqtt_ros2/mqtt_ros2.egg-info to /home/natxozm13/Desktop/SDV/ros2/mqtt_ros2/install/mqtt_ros2/lib/python3.8/site-packages/mqtt_ros2-1.0.1-py3.8.egg-info
[1.307s] running install_scripts
[1.329s] Installing speed_provider_node script to /home/natxozm13/Desktop/SDV/ros2/mqtt_ros2/install/mqtt_ros2/lib/mqtt_ros2
[1.330s] writing list of installed files to '/home/natxozm13/Desktop/SDV/ros2/mqtt_ros2/build/mqtt_ros2/install.log'
[1.356s] Invoked command in '/home/natxozm13/Desktop/SDV/ros2/mqtt_ros2/src/mqtt_ros2' returned '0': PYTHONPATH=/home/natxozm13/Desktop/SDV/ros2/mqtt_ros2/build/mqtt_ros2/prefix_override:/usr/lib/python3/dist-packages/colcon_core/task/python/colcon_distutils_commands:/home/natxozm13/Desktop/SDV/ros2/mqtt_ros2/install/mqtt_ros2/lib/python3.8/site-packages:${PYTHONPATH} /usr/bin/python3 -W ignore:setup.py install is deprecated -W ignore:easy_install command is deprecated setup.py egg_info --egg-base ../../build/mqtt_ros2 build --build-base /home/natxozm13/Desktop/SDV/ros2/mqtt_ros2/build/mqtt_ros2/build install --record /home/natxozm13/Desktop/SDV/ros2/mqtt_ros2/build/mqtt_ros2/install.log --single-version-externally-managed install_data
